<?xml version="1.0" encoding="UTF-8"?>
<!-- Generated by org.testng.reporters.JUnitXMLReporter -->
<testsuite ignored="2" hostname="LAPTOP-3ML7PH3M" failures="0" tests="0" time="0.009" errors="0" timestamp="2022-01-21T23:16:52 IST">
  <testcase classname="OrganizationTestScripts.CreatingOrganizationwithAssignedToUserAsAdministratorTest" name="organizationwithAdministratorUserTest" time="0.0">
    <ignored/>
  </testcase> <!-- organizationwithAdministratorUserTest -->
  <testcase classname="OrganizationTestScripts.CreatingOrganizationWithAssigntoMarketingroupTest" name="organizationWithMarketingGroupTest" time="0.0">
    <ignored/>
  </testcase> <!-- organizationWithMarketingGroupTest -->
</testsuite>
