<?xml version="1.0" encoding="UTF-8"?>
<!-- Generated by org.testng.reporters.JUnitXMLReporter -->
<testsuite ignored="2" hostname="LAPTOP-3ML7PH3M" failures="0" tests="0" time="0.007" errors="0" timestamp="2022-01-18T17:43:18 IST">
  <testcase classname="OrganizationTestScripts.CheckEmailOptoutIsEnabledOrNotTest" name="emailOptoutEnabledTest" time="0.0">
    <ignored/>
  </testcase> <!-- emailOptoutEnabledTest -->
  <testcase classname="OrganizationTestScripts.CreateOrganizationwithRatingTest" name="OrganizationWithRatingTest" time="0.0">
    <ignored/>
  </testcase> <!-- OrganizationWithRatingTest -->
</testsuite>
