<?xml version="1.0" encoding="UTF-8"?>
<testng-results ignored="0" total="1" passed="1" failed="0" skipped="0">
  <reporter-output>
  </reporter-output>
  <suite started-at="2022-01-22T10:25:17 IST" name="Default suite" finished-at="2022-01-22T10:25:40 IST" duration-ms="22817">
    <groups>
    </groups>
    <test started-at="2022-01-22T10:25:17 IST" name="Default test" finished-at="2022-01-22T10:25:40 IST" duration-ms="22817">
      <class name="OrganizationTestScripts.CheckEmailOptoutIsEnabledOrNotTest">
        <test-method is-config="true" signature="configBs()[pri:0, instance:OrganizationTestScripts.CheckEmailOptoutIsEnabledOrNotTest@1af2d44a]" started-at="2022-01-22T10:25:17 IST" name="configBs" finished-at="2022-01-22T10:25:17 IST" duration-ms="8" status="PASS">
          <reporter-output>
          </reporter-output>
        </test-method> <!-- configBs -->
        <test-method is-config="true" signature="configBc()[pri:0, instance:OrganizationTestScripts.CheckEmailOptoutIsEnabledOrNotTest@1af2d44a]" started-at="2022-01-22T10:25:17 IST" name="configBc" finished-at="2022-01-22T10:25:22 IST" duration-ms="5111" status="PASS">
          <reporter-output>
          </reporter-output>
        </test-method> <!-- configBc -->
        <test-method is-config="true" signature="configBm()[pri:0, instance:OrganizationTestScripts.CheckEmailOptoutIsEnabledOrNotTest@1af2d44a]" started-at="2022-01-22T10:25:22 IST" name="configBm" finished-at="2022-01-22T10:25:26 IST" duration-ms="4336" status="PASS">
          <reporter-output>
          </reporter-output>
        </test-method> <!-- configBm -->
        <test-method signature="emailOptoutEnabledTest()[pri:0, instance:OrganizationTestScripts.CheckEmailOptoutIsEnabledOrNotTest@1af2d44a]" started-at="2022-01-22T10:25:26 IST" name="emailOptoutEnabledTest" finished-at="2022-01-22T10:25:38 IST" duration-ms="11128" status="PASS">
          <reporter-output>
          </reporter-output>
        </test-method> <!-- emailOptoutEnabledTest -->
        <test-method is-config="true" signature="configAm()[pri:0, instance:OrganizationTestScripts.CheckEmailOptoutIsEnabledOrNotTest@1af2d44a]" started-at="2022-01-22T10:25:38 IST" name="configAm" finished-at="2022-01-22T10:25:40 IST" duration-ms="2059" status="PASS">
          <reporter-output>
          </reporter-output>
        </test-method> <!-- configAm -->
        <test-method is-config="true" signature="configAc()[pri:0, instance:OrganizationTestScripts.CheckEmailOptoutIsEnabledOrNotTest@1af2d44a]" started-at="2022-01-22T10:25:40 IST" name="configAc" finished-at="2022-01-22T10:25:40 IST" duration-ms="152" status="PASS">
          <reporter-output>
          </reporter-output>
        </test-method> <!-- configAc -->
        <test-method is-config="true" signature="configAs()[pri:0, instance:OrganizationTestScripts.CheckEmailOptoutIsEnabledOrNotTest@1af2d44a]" started-at="2022-01-22T10:25:40 IST" name="configAs" finished-at="2022-01-22T10:25:40 IST" duration-ms="1" status="PASS">
          <reporter-output>
          </reporter-output>
        </test-method> <!-- configAs -->
      </class> <!-- OrganizationTestScripts.CheckEmailOptoutIsEnabledOrNotTest -->
    </test> <!-- Default test -->
  </suite> <!-- Default suite -->
</testng-results>
